[0.073s] DEBUG:colcon:Command line arguments: ['/usr/bin/colcon', 'build']
[0.073s] DEBUG:colcon:Parsed command line arguments: Namespace(log_base=None, log_level=None, verb_name='build', build_base='build', install_base='install', merge_install=False, symlink_install=False, test_result_base=None, continue_on_error=False, executor='parallel', parallel_workers=32, event_handlers=None, ignore_user_meta=False, metas=['./colcon.meta'], base_paths=['.'], packages_ignore=None, packages_ignore_regex=None, paths=None, packages_up_to=None, packages_up_to_regex=None, packages_above=None, packages_above_and_dependencies=None, packages_above_depth=None, packages_select_by_dep=None, packages_skip_by_dep=None, packages_skip_up_to=None, packages_select_build_failed=False, packages_skip_build_finished=False, packages_select_test_failures=False, packages_skip_test_passed=False, packages_select=None, packages_skip=None, packages_select_regex=None, packages_skip_regex=None, packages_start=None, packages_end=None, allow_overriding=[], cmake_args=None, cmake_target=None, cmake_target_skip_unavailable=False, cmake_clean_cache=False, cmake_clean_first=False, cmake_force_configure=False, ament_cmake_args=None, catkin_cmake_args=None, catkin_skip_building_tests=False, mixin_files=None, mixin=None, verb_parser=<colcon_mixin.mixin.mixin_argument.MixinArgumentDecorator object at 0x7cb0c7b39280>, verb_extension=<colcon_core.verb.build.BuildVerb object at 0x7cb0c7b38f50>, main=<bound method BuildVerb.main of <colcon_core.verb.build.BuildVerb object at 0x7cb0c7b38f50>>, mixin_verb=('build',))
[0.099s] Level 1:colcon.colcon_core.package_discovery:discover_packages(colcon_meta) check parameters
[0.099s] Level 1:colcon.colcon_core.package_discovery:discover_packages(recursive) check parameters
[0.099s] Level 1:colcon.colcon_core.package_discovery:discover_packages(ignore) check parameters
[0.099s] Level 1:colcon.colcon_core.package_discovery:discover_packages(path) check parameters
[0.099s] Level 1:colcon.colcon_core.package_discovery:discover_packages(colcon_meta) discover
[0.099s] Level 1:colcon.colcon_core.package_discovery:discover_packages(recursive) discover
[0.099s] INFO:colcon.colcon_core.package_discovery:Crawling recursively for packages in '/home/user/lidar_gap_ws/src'
[0.099s] Level 1:colcon.colcon_core.package_identification:_identify(.) by extensions ['ignore', 'ignore_ament_install']
[0.099s] Level 1:colcon.colcon_core.package_identification:_identify(.) by extension 'ignore'
[0.099s] Level 1:colcon.colcon_core.package_identification:_identify(.) by extension 'ignore_ament_install'
[0.099s] Level 1:colcon.colcon_core.package_identification:_identify(.) by extensions ['colcon_pkg']
[0.099s] Level 1:colcon.colcon_core.package_identification:_identify(.) by extension 'colcon_pkg'
[0.099s] Level 1:colcon.colcon_core.package_identification:_identify(.) by extensions ['colcon_meta']
[0.099s] Level 1:colcon.colcon_core.package_identification:_identify(.) by extension 'colcon_meta'
[0.099s] Level 1:colcon.colcon_core.package_identification:_identify(.) by extensions ['ros']
[0.099s] Level 1:colcon.colcon_core.package_identification:_identify(.) by extension 'ros'
[0.117s] Level 1:colcon.colcon_core.package_identification:_identify(.) by extensions ['cmake', 'python']
[0.117s] Level 1:colcon.colcon_core.package_identification:_identify(.) by extension 'cmake'
[0.117s] Level 1:colcon.colcon_core.package_identification:_identify(.) by extension 'python'
[0.117s] Level 1:colcon.colcon_core.package_identification:_identify(.) by extensions ['python_setup_py']
[0.117s] Level 1:colcon.colcon_core.package_identification:_identify(.) by extension 'python_setup_py'
[0.117s] Level 1:colcon.colcon_core.package_identification:_identify(ScanFilter) by extensions ['ignore', 'ignore_ament_install']
[0.117s] Level 1:colcon.colcon_core.package_identification:_identify(ScanFilter) by extension 'ignore'
[0.117s] Level 1:colcon.colcon_core.package_identification:_identify(ScanFilter) by extension 'ignore_ament_install'
[0.117s] Level 1:colcon.colcon_core.package_identification:_identify(ScanFilter) by extensions ['colcon_pkg']
[0.117s] Level 1:colcon.colcon_core.package_identification:_identify(ScanFilter) by extension 'colcon_pkg'
[0.117s] Level 1:colcon.colcon_core.package_identification:_identify(ScanFilter) by extensions ['colcon_meta']
[0.117s] Level 1:colcon.colcon_core.package_identification:_identify(ScanFilter) by extension 'colcon_meta'
[0.117s] Level 1:colcon.colcon_core.package_identification:_identify(ScanFilter) by extensions ['ros']
[0.117s] Level 1:colcon.colcon_core.package_identification:_identify(ScanFilter) by extension 'ros'
[0.119s] DEBUG:colcon.colcon_core.package_identification:Package 'ScanFilter' with type 'ros.ament_python' and name 'ScanFilter'
[0.119s] Level 1:colcon.colcon_core.package_identification:_identify(build) by extensions ['ignore', 'ignore_ament_install']
[0.119s] Level 1:colcon.colcon_core.package_identification:_identify(build) by extension 'ignore'
[0.119s] Level 1:colcon.colcon_core.package_identification:_identify(build) ignored
[0.119s] Level 1:colcon.colcon_core.package_identification:_identify(install) by extensions ['ignore', 'ignore_ament_install']
[0.119s] Level 1:colcon.colcon_core.package_identification:_identify(install) by extension 'ignore'
[0.119s] Level 1:colcon.colcon_core.package_identification:_identify(install) ignored
[0.119s] Level 1:colcon.colcon_core.package_identification:_identify(log) by extensions ['ignore', 'ignore_ament_install']
[0.119s] Level 1:colcon.colcon_core.package_identification:_identify(log) by extension 'ignore'
[0.119s] Level 1:colcon.colcon_core.package_identification:_identify(log) ignored
[0.119s] Level 1:colcon.colcon_core.package_identification:_identify(urg_node2) by extensions ['ignore', 'ignore_ament_install']
[0.120s] Level 1:colcon.colcon_core.package_identification:_identify(urg_node2) by extension 'ignore'
[0.120s] Level 1:colcon.colcon_core.package_identification:_identify(urg_node2) by extension 'ignore_ament_install'
[0.120s] Level 1:colcon.colcon_core.package_identification:_identify(urg_node2) by extensions ['colcon_pkg']
[0.120s] Level 1:colcon.colcon_core.package_identification:_identify(urg_node2) by extension 'colcon_pkg'
[0.120s] Level 1:colcon.colcon_core.package_identification:_identify(urg_node2) by extensions ['colcon_meta']
[0.120s] Level 1:colcon.colcon_core.package_identification:_identify(urg_node2) by extension 'colcon_meta'
[0.120s] Level 1:colcon.colcon_core.package_identification:_identify(urg_node2) by extensions ['ros']
[0.120s] Level 1:colcon.colcon_core.package_identification:_identify(urg_node2) by extension 'ros'
[0.120s] DEBUG:colcon.colcon_core.package_identification:Package 'urg_node2' with type 'ros.ament_cmake' and name 'urg_node2'
[0.120s] Level 1:colcon.colcon_core.package_discovery:discover_packages(recursive) using defaults
[0.120s] Level 1:colcon.colcon_core.package_discovery:discover_packages(ignore) discover
[0.120s] Level 1:colcon.colcon_core.package_discovery:discover_packages(ignore) using defaults
[0.120s] Level 1:colcon.colcon_core.package_discovery:discover_packages(path) discover
[0.120s] Level 1:colcon.colcon_core.package_discovery:discover_packages(path) using defaults
[0.133s] Level 1:colcon.colcon_core.package_discovery:discover_packages(prefix_path) check parameters
[0.133s] Level 1:colcon.colcon_core.package_discovery:discover_packages(prefix_path) discover
[0.134s] DEBUG:colcon.colcon_installed_package_information.package_discovery:Found 2 installed packages in /home/user/ros2_ws/install
[0.135s] DEBUG:colcon.colcon_installed_package_information.package_discovery:Found 428 installed packages in /opt/ros/jazzy
[0.136s] Level 1:colcon.colcon_core.package_discovery:discover_packages(prefix_path) using defaults
[0.173s] Level 5:colcon.colcon_core.verb:set package 'ScanFilter' build argument 'cmake_args' from command line to 'None'
[0.173s] Level 5:colcon.colcon_core.verb:set package 'ScanFilter' build argument 'cmake_target' from command line to 'None'
[0.173s] Level 5:colcon.colcon_core.verb:set package 'ScanFilter' build argument 'cmake_target_skip_unavailable' from command line to 'False'
[0.174s] Level 5:colcon.colcon_core.verb:set package 'ScanFilter' build argument 'cmake_clean_cache' from command line to 'False'
[0.174s] Level 5:colcon.colcon_core.verb:set package 'ScanFilter' build argument 'cmake_clean_first' from command line to 'False'
[0.174s] Level 5:colcon.colcon_core.verb:set package 'ScanFilter' build argument 'cmake_force_configure' from command line to 'False'
[0.174s] Level 5:colcon.colcon_core.verb:set package 'ScanFilter' build argument 'ament_cmake_args' from command line to 'None'
[0.174s] Level 5:colcon.colcon_core.verb:set package 'ScanFilter' build argument 'catkin_cmake_args' from command line to 'None'
[0.174s] Level 5:colcon.colcon_core.verb:set package 'ScanFilter' build argument 'catkin_skip_building_tests' from command line to 'False'
[0.174s] DEBUG:colcon.colcon_core.verb:Building package 'ScanFilter' with the following arguments: {'ament_cmake_args': None, 'build_base': '/home/user/lidar_gap_ws/src/build/ScanFilter', 'catkin_cmake_args': None, 'catkin_skip_building_tests': False, 'cmake_args': None, 'cmake_clean_cache': False, 'cmake_clean_first': False, 'cmake_force_configure': False, 'cmake_target': None, 'cmake_target_skip_unavailable': False, 'install_base': '/home/user/lidar_gap_ws/src/install/ScanFilter', 'merge_install': False, 'path': '/home/user/lidar_gap_ws/src/ScanFilter', 'symlink_install': False, 'test_result_base': None}
[0.174s] Level 5:colcon.colcon_core.verb:set package 'urg_node2' build argument 'cmake_args' from command line to 'None'
[0.174s] Level 5:colcon.colcon_core.verb:set package 'urg_node2' build argument 'cmake_target' from command line to 'None'
[0.174s] Level 5:colcon.colcon_core.verb:set package 'urg_node2' build argument 'cmake_target_skip_unavailable' from command line to 'False'
[0.174s] Level 5:colcon.colcon_core.verb:set package 'urg_node2' build argument 'cmake_clean_cache' from command line to 'False'
[0.174s] Level 5:colcon.colcon_core.verb:set package 'urg_node2' build argument 'cmake_clean_first' from command line to 'False'
[0.174s] Level 5:colcon.colcon_core.verb:set package 'urg_node2' build argument 'cmake_force_configure' from command line to 'False'
[0.174s] Level 5:colcon.colcon_core.verb:set package 'urg_node2' build argument 'ament_cmake_args' from command line to 'None'
[0.174s] Level 5:colcon.colcon_core.verb:set package 'urg_node2' build argument 'catkin_cmake_args' from command line to 'None'
[0.174s] Level 5:colcon.colcon_core.verb:set package 'urg_node2' build argument 'catkin_skip_building_tests' from command line to 'False'
[0.174s] DEBUG:colcon.colcon_core.verb:Building package 'urg_node2' with the following arguments: {'ament_cmake_args': None, 'build_base': '/home/user/lidar_gap_ws/src/build/urg_node2', 'catkin_cmake_args': None, 'catkin_skip_building_tests': False, 'cmake_args': None, 'cmake_clean_cache': False, 'cmake_clean_first': False, 'cmake_force_configure': False, 'cmake_target': None, 'cmake_target_skip_unavailable': False, 'install_base': '/home/user/lidar_gap_ws/src/install/urg_node2', 'merge_install': False, 'path': '/home/user/lidar_gap_ws/src/urg_node2', 'symlink_install': False, 'test_result_base': None}
[0.174s] INFO:colcon.colcon_core.executor:Executing jobs using 'parallel' executor
[0.175s] DEBUG:colcon.colcon_parallel_executor.executor.parallel:run_until_complete
[0.175s] INFO:colcon.colcon_ros.task.ament_python.build:Building ROS package in '/home/user/lidar_gap_ws/src/ScanFilter' with build type 'ament_python'
[0.175s] Level 1:colcon.colcon_core.shell:create_environment_hook('ScanFilter', 'ament_prefix_path')
[0.176s] INFO:colcon.colcon_core.plugin_system:Skipping extension 'colcon_core.shell.bat': Not used on non-Windows systems
[0.176s] INFO:colcon.colcon_core.shell:Creating environment hook '/home/user/lidar_gap_ws/src/install/ScanFilter/share/ScanFilter/hook/ament_prefix_path.ps1'
[0.177s] INFO:colcon.colcon_core.shell:Creating environment descriptor '/home/user/lidar_gap_ws/src/install/ScanFilter/share/ScanFilter/hook/ament_prefix_path.dsv'
[0.177s] INFO:colcon.colcon_core.shell:Creating environment hook '/home/user/lidar_gap_ws/src/install/ScanFilter/share/ScanFilter/hook/ament_prefix_path.sh'
[0.178s] INFO:colcon.colcon_core.shell:Skip shell extension 'powershell' for command environment: Not usable outside of PowerShell
[0.178s] DEBUG:colcon.colcon_core.shell:Skip shell extension 'dsv' for command environment
[0.180s] INFO:colcon.colcon_ros.task.ament_cmake.build:Building ROS package in '/home/user/lidar_gap_ws/src/urg_node2' with build type 'ament_cmake'
[0.180s] INFO:colcon.colcon_cmake.task.cmake.build:Building CMake package in '/home/user/lidar_gap_ws/src/urg_node2'
[0.180s] INFO:colcon.colcon_core.shell:Skip shell extension 'powershell' for command environment: Not usable outside of PowerShell
[0.180s] DEBUG:colcon.colcon_core.shell:Skip shell extension 'dsv' for command environment
[0.336s] INFO:colcon.colcon_core.task.python.build:Building Python package in '/home/user/lidar_gap_ws/src/ScanFilter'
[0.336s] INFO:colcon.colcon_core.shell:Skip shell extension 'powershell' for command environment: Not usable outside of PowerShell
[0.336s] DEBUG:colcon.colcon_core.shell:Skip shell extension 'dsv' for command environment
[0.341s] DEBUG:colcon.colcon_core.event_handler.log_command:Invoking command in '/home/user/lidar_gap_ws/src/build/urg_node2': CMAKE_PREFIX_PATH=${CMAKE_PREFIX_PATH}:/home/user/ros2_ws/install/ScanFilter:/opt/ros/jazzy DEBUGINFOD_URLS=https://debuginfod.ubuntu.com /usr/bin/cmake /home/user/lidar_gap_ws/src/urg_node2 -DCMAKE_INSTALL_PREFIX=/home/user/lidar_gap_ws/src/install/urg_node2
[0.760s] DEBUG:colcon.colcon_core.event_handler.log_command:Invoking command in '/home/user/lidar_gap_ws/src/ScanFilter': DEBUGINFOD_URLS=https://debuginfod.ubuntu.com PYTHONPATH=/home/user/lidar_gap_ws/src/build/ScanFilter/prefix_override:/usr/lib/python3/dist-packages/colcon_core/task/python/colcon_distutils_commands:/home/user/lidar_gap_ws/src/install/ScanFilter/lib/python3.12/site-packages:${PYTHONPATH} /usr/bin/python3 -W ignore:setup.py install is deprecated -W ignore:easy_install command is deprecated setup.py egg_info --egg-base ../build/ScanFilter build --build-base /home/user/lidar_gap_ws/src/build/ScanFilter/build install --record /home/user/lidar_gap_ws/src/build/ScanFilter/install.log --single-version-externally-managed install_data
[1.161s] DEBUG:colcon.colcon_core.event_handler.log_command:Invoked command in '/home/user/lidar_gap_ws/src/ScanFilter' returned '0': DEBUGINFOD_URLS=https://debuginfod.ubuntu.com PYTHONPATH=/home/user/lidar_gap_ws/src/build/ScanFilter/prefix_override:/usr/lib/python3/dist-packages/colcon_core/task/python/colcon_distutils_commands:/home/user/lidar_gap_ws/src/install/ScanFilter/lib/python3.12/site-packages:${PYTHONPATH} /usr/bin/python3 -W ignore:setup.py install is deprecated -W ignore:easy_install command is deprecated setup.py egg_info --egg-base ../build/ScanFilter build --build-base /home/user/lidar_gap_ws/src/build/ScanFilter/build install --record /home/user/lidar_gap_ws/src/build/ScanFilter/install.log --single-version-externally-managed install_data
[1.163s] Level 1:colcon.colcon_core.environment:checking '/home/user/lidar_gap_ws/src/install/ScanFilter' for CMake module files
[1.163s] Level 1:colcon.colcon_core.environment:checking '/home/user/lidar_gap_ws/src/install/ScanFilter' for CMake config files
[1.163s] Level 1:colcon.colcon_core.environment:checking '/home/user/lidar_gap_ws/src/install/ScanFilter/lib'
[1.164s] Level 1:colcon.colcon_core.environment:checking '/home/user/lidar_gap_ws/src/install/ScanFilter/bin'
[1.164s] Level 1:colcon.colcon_core.environment:checking '/home/user/lidar_gap_ws/src/install/ScanFilter/lib/pkgconfig/ScanFilter.pc'
[1.164s] Level 1:colcon.colcon_core.environment:checking '/home/user/lidar_gap_ws/src/install/ScanFilter/lib/python3.12/site-packages'
[1.164s] Level 1:colcon.colcon_core.shell:create_environment_hook('ScanFilter', 'pythonpath')
[1.164s] INFO:colcon.colcon_core.shell:Creating environment hook '/home/user/lidar_gap_ws/src/install/ScanFilter/share/ScanFilter/hook/pythonpath.ps1'
[1.164s] INFO:colcon.colcon_core.shell:Creating environment descriptor '/home/user/lidar_gap_ws/src/install/ScanFilter/share/ScanFilter/hook/pythonpath.dsv'
[1.164s] INFO:colcon.colcon_core.shell:Creating environment hook '/home/user/lidar_gap_ws/src/install/ScanFilter/share/ScanFilter/hook/pythonpath.sh'
[1.165s] Level 1:colcon.colcon_core.environment:checking '/home/user/lidar_gap_ws/src/install/ScanFilter/bin'
[1.165s] Level 1:colcon.colcon_core.environment:create_environment_scripts_only(ScanFilter)
[1.165s] INFO:colcon.colcon_core.shell:Creating package script '/home/user/lidar_gap_ws/src/install/ScanFilter/share/ScanFilter/package.ps1'
[1.166s] INFO:colcon.colcon_core.shell:Creating package descriptor '/home/user/lidar_gap_ws/src/install/ScanFilter/share/ScanFilter/package.dsv'
[1.166s] INFO:colcon.colcon_core.shell:Creating package script '/home/user/lidar_gap_ws/src/install/ScanFilter/share/ScanFilter/package.sh'
[1.166s] INFO:colcon.colcon_core.shell:Creating package script '/home/user/lidar_gap_ws/src/install/ScanFilter/share/ScanFilter/package.bash'
[1.166s] INFO:colcon.colcon_core.shell:Creating package script '/home/user/lidar_gap_ws/src/install/ScanFilter/share/ScanFilter/package.zsh'
[1.167s] Level 1:colcon.colcon_core.environment:create_file_with_runtime_dependencies(/home/user/lidar_gap_ws/src/install/ScanFilter/share/colcon-core/packages/ScanFilter)
[2.086s] DEBUG:colcon.colcon_core.event_handler.log_command:Invoked command in '/home/user/lidar_gap_ws/src/build/urg_node2' returned '0': CMAKE_PREFIX_PATH=${CMAKE_PREFIX_PATH}:/home/user/ros2_ws/install/ScanFilter:/opt/ros/jazzy DEBUGINFOD_URLS=https://debuginfod.ubuntu.com /usr/bin/cmake /home/user/lidar_gap_ws/src/urg_node2 -DCMAKE_INSTALL_PREFIX=/home/user/lidar_gap_ws/src/install/urg_node2
[2.087s] DEBUG:colcon.colcon_core.event_handler.log_command:Invoking command in '/home/user/lidar_gap_ws/src/build/urg_node2': CMAKE_PREFIX_PATH=${CMAKE_PREFIX_PATH}:/home/user/ros2_ws/install/ScanFilter:/opt/ros/jazzy DEBUGINFOD_URLS=https://debuginfod.ubuntu.com /usr/bin/cmake --build /home/user/lidar_gap_ws/src/build/urg_node2 -- -j32 -l32
[11.549s] DEBUG:colcon.colcon_core.event_handler.log_command:Invoked command in '/home/user/lidar_gap_ws/src/build/urg_node2' returned '0': CMAKE_PREFIX_PATH=${CMAKE_PREFIX_PATH}:/home/user/ros2_ws/install/ScanFilter:/opt/ros/jazzy DEBUGINFOD_URLS=https://debuginfod.ubuntu.com /usr/bin/cmake --build /home/user/lidar_gap_ws/src/build/urg_node2 -- -j32 -l32
[11.564s] DEBUG:colcon.colcon_core.event_handler.log_command:Invoking command in '/home/user/lidar_gap_ws/src/build/urg_node2': CMAKE_PREFIX_PATH=${CMAKE_PREFIX_PATH}:/home/user/ros2_ws/install/ScanFilter:/opt/ros/jazzy DEBUGINFOD_URLS=https://debuginfod.ubuntu.com /usr/bin/cmake --install /home/user/lidar_gap_ws/src/build/urg_node2
[11.583s] Level 1:colcon.colcon_core.environment:create_environment_scripts_only(urg_node2)
[11.583s] DEBUG:colcon.colcon_core.event_handler.log_command:Invoked command in '/home/user/lidar_gap_ws/src/build/urg_node2' returned '0': CMAKE_PREFIX_PATH=${CMAKE_PREFIX_PATH}:/home/user/ros2_ws/install/ScanFilter:/opt/ros/jazzy DEBUGINFOD_URLS=https://debuginfod.ubuntu.com /usr/bin/cmake --install /home/user/lidar_gap_ws/src/build/urg_node2
[11.583s] Level 1:colcon.colcon_core.environment:checking '/home/user/lidar_gap_ws/src/install/urg_node2' for CMake module files
[11.583s] Level 1:colcon.colcon_core.environment:checking '/home/user/lidar_gap_ws/src/install/urg_node2' for CMake config files
[11.584s] Level 1:colcon.colcon_core.shell:create_environment_hook('urg_node2', 'cmake_prefix_path')
[11.584s] INFO:colcon.colcon_core.shell:Creating environment hook '/home/user/lidar_gap_ws/src/install/urg_node2/share/urg_node2/hook/cmake_prefix_path.ps1'
[11.584s] INFO:colcon.colcon_core.shell:Creating environment descriptor '/home/user/lidar_gap_ws/src/install/urg_node2/share/urg_node2/hook/cmake_prefix_path.dsv'
[11.584s] INFO:colcon.colcon_core.shell:Creating environment hook '/home/user/lidar_gap_ws/src/install/urg_node2/share/urg_node2/hook/cmake_prefix_path.sh'
[11.585s] Level 1:colcon.colcon_core.environment:checking '/home/user/lidar_gap_ws/src/install/urg_node2/lib'
[11.585s] Level 1:colcon.colcon_core.shell:create_environment_hook('urg_node2', 'ld_library_path_lib')
[11.585s] INFO:colcon.colcon_core.shell:Creating environment hook '/home/user/lidar_gap_ws/src/install/urg_node2/share/urg_node2/hook/ld_library_path_lib.ps1'
[11.585s] INFO:colcon.colcon_core.shell:Creating environment descriptor '/home/user/lidar_gap_ws/src/install/urg_node2/share/urg_node2/hook/ld_library_path_lib.dsv'
[11.585s] INFO:colcon.colcon_core.shell:Creating environment hook '/home/user/lidar_gap_ws/src/install/urg_node2/share/urg_node2/hook/ld_library_path_lib.sh'
[11.585s] Level 1:colcon.colcon_core.environment:checking '/home/user/lidar_gap_ws/src/install/urg_node2/bin'
[11.586s] Level 1:colcon.colcon_core.environment:checking '/home/user/lidar_gap_ws/src/install/urg_node2/lib/pkgconfig/urg_node2.pc'
[11.586s] Level 1:colcon.colcon_core.environment:checking '/home/user/lidar_gap_ws/src/install/urg_node2/lib/python3.12/site-packages'
[11.586s] Level 1:colcon.colcon_core.environment:checking '/home/user/lidar_gap_ws/src/install/urg_node2/bin'
[11.586s] INFO:colcon.colcon_core.shell:Creating package script '/home/user/lidar_gap_ws/src/install/urg_node2/share/urg_node2/package.ps1'
[11.586s] INFO:colcon.colcon_core.shell:Creating package descriptor '/home/user/lidar_gap_ws/src/install/urg_node2/share/urg_node2/package.dsv'
[11.587s] INFO:colcon.colcon_core.shell:Creating package script '/home/user/lidar_gap_ws/src/install/urg_node2/share/urg_node2/package.sh'
[11.587s] INFO:colcon.colcon_core.shell:Creating package script '/home/user/lidar_gap_ws/src/install/urg_node2/share/urg_node2/package.bash'
[11.587s] INFO:colcon.colcon_core.shell:Creating package script '/home/user/lidar_gap_ws/src/install/urg_node2/share/urg_node2/package.zsh'
[11.587s] Level 1:colcon.colcon_core.environment:create_file_with_runtime_dependencies(/home/user/lidar_gap_ws/src/install/urg_node2/share/colcon-core/packages/urg_node2)
[11.587s] Level 1:colcon.colcon_core.environment:create_environment_scripts_only(urg_node2)
[11.588s] Level 1:colcon.colcon_core.environment:checking '/home/user/lidar_gap_ws/src/install/urg_node2' for CMake module files
[11.588s] Level 1:colcon.colcon_core.environment:checking '/home/user/lidar_gap_ws/src/install/urg_node2' for CMake config files
[11.588s] Level 1:colcon.colcon_core.shell:create_environment_hook('urg_node2', 'cmake_prefix_path')
[11.588s] INFO:colcon.colcon_core.shell:Creating environment hook '/home/user/lidar_gap_ws/src/install/urg_node2/share/urg_node2/hook/cmake_prefix_path.ps1'
[11.589s] INFO:colcon.colcon_core.shell:Creating environment descriptor '/home/user/lidar_gap_ws/src/install/urg_node2/share/urg_node2/hook/cmake_prefix_path.dsv'
[11.589s] INFO:colcon.colcon_core.shell:Creating environment hook '/home/user/lidar_gap_ws/src/install/urg_node2/share/urg_node2/hook/cmake_prefix_path.sh'
[11.589s] Level 1:colcon.colcon_core.environment:checking '/home/user/lidar_gap_ws/src/install/urg_node2/lib'
[11.589s] Level 1:colcon.colcon_core.shell:create_environment_hook('urg_node2', 'ld_library_path_lib')
[11.589s] INFO:colcon.colcon_core.shell:Creating environment hook '/home/user/lidar_gap_ws/src/install/urg_node2/share/urg_node2/hook/ld_library_path_lib.ps1'
[11.589s] INFO:colcon.colcon_core.shell:Creating environment descriptor '/home/user/lidar_gap_ws/src/install/urg_node2/share/urg_node2/hook/ld_library_path_lib.dsv'
[11.590s] INFO:colcon.colcon_core.shell:Creating environment hook '/home/user/lidar_gap_ws/src/install/urg_node2/share/urg_node2/hook/ld_library_path_lib.sh'
[11.590s] Level 1:colcon.colcon_core.environment:checking '/home/user/lidar_gap_ws/src/install/urg_node2/bin'
[11.590s] Level 1:colcon.colcon_core.environment:checking '/home/user/lidar_gap_ws/src/install/urg_node2/lib/pkgconfig/urg_node2.pc'
[11.590s] Level 1:colcon.colcon_core.environment:checking '/home/user/lidar_gap_ws/src/install/urg_node2/lib/python3.12/site-packages'
[11.590s] Level 1:colcon.colcon_core.environment:checking '/home/user/lidar_gap_ws/src/install/urg_node2/bin'
[11.590s] INFO:colcon.colcon_core.shell:Creating package script '/home/user/lidar_gap_ws/src/install/urg_node2/share/urg_node2/package.ps1'
[11.591s] INFO:colcon.colcon_core.shell:Creating package descriptor '/home/user/lidar_gap_ws/src/install/urg_node2/share/urg_node2/package.dsv'
[11.591s] INFO:colcon.colcon_core.shell:Creating package script '/home/user/lidar_gap_ws/src/install/urg_node2/share/urg_node2/package.sh'
[11.591s] INFO:colcon.colcon_core.shell:Creating package script '/home/user/lidar_gap_ws/src/install/urg_node2/share/urg_node2/package.bash'
[11.591s] INFO:colcon.colcon_core.shell:Creating package script '/home/user/lidar_gap_ws/src/install/urg_node2/share/urg_node2/package.zsh'
[11.592s] Level 1:colcon.colcon_core.environment:create_file_with_runtime_dependencies(/home/user/lidar_gap_ws/src/install/urg_node2/share/colcon-core/packages/urg_node2)
[11.592s] DEBUG:colcon.colcon_parallel_executor.executor.parallel:closing loop
[11.592s] DEBUG:colcon.colcon_parallel_executor.executor.parallel:loop closed
[11.592s] DEBUG:colcon.colcon_parallel_executor.executor.parallel:run_until_complete finished with '0'
[11.592s] DEBUG:colcon.colcon_core.event_reactor:joining thread
[11.596s] INFO:colcon.colcon_core.plugin_system:Skipping extension 'colcon_notification.desktop_notification.terminal_notifier': Not used on non-Darwin systems
[11.596s] INFO:colcon.colcon_core.plugin_system:Skipping extension 'colcon_notification.desktop_notification.win32': Not used on non-Windows systems
[11.597s] INFO:colcon.colcon_notification.desktop_notification:Sending desktop notification using 'notify2'
[11.605s] DEBUG:colcon.colcon_core.event_reactor:joined thread
[11.605s] INFO:colcon.colcon_core.shell:Creating prefix script '/home/user/lidar_gap_ws/src/install/local_setup.ps1'
[11.606s] INFO:colcon.colcon_core.shell:Creating prefix util module '/home/user/lidar_gap_ws/src/install/_local_setup_util_ps1.py'
[11.607s] INFO:colcon.colcon_core.shell:Creating prefix chain script '/home/user/lidar_gap_ws/src/install/setup.ps1'
[11.607s] INFO:colcon.colcon_core.shell:Creating prefix script '/home/user/lidar_gap_ws/src/install/local_setup.sh'
[11.608s] INFO:colcon.colcon_core.shell:Creating prefix util module '/home/user/lidar_gap_ws/src/install/_local_setup_util_sh.py'
[11.608s] INFO:colcon.colcon_core.shell:Creating prefix chain script '/home/user/lidar_gap_ws/src/install/setup.sh'
[11.608s] INFO:colcon.colcon_core.shell:Creating prefix script '/home/user/lidar_gap_ws/src/install/local_setup.bash'
[11.609s] INFO:colcon.colcon_core.shell:Creating prefix chain script '/home/user/lidar_gap_ws/src/install/setup.bash'
[11.610s] INFO:colcon.colcon_core.shell:Creating prefix script '/home/user/lidar_gap_ws/src/install/local_setup.zsh'
[11.610s] INFO:colcon.colcon_core.shell:Creating prefix chain script '/home/user/lidar_gap_ws/src/install/setup.zsh'
