-- The C compiler identification is GNU 13.3.0
-- The CXX compiler identification is GNU 13.3.0
-- Detecting C compiler ABI info
-- Detecting C compiler ABI info - done
-- Check for working C compiler: /usr/bin/cc - skipped
-- Detecting C compile features
-- Detecting C compile features - done
-- Detecting CXX compiler ABI info
-- Detecting CXX compiler ABI info - done
-- Check for working CXX compiler: /usr/bin/c++ - skipped
-- Detecting CXX compile features
-- Detecting CXX compile features - done
-- Found ament_cmake: 2.5.5 (/opt/ros/jazzy/share/ament_cmake/cmake)
-- Found Python3: /usr/bin/python3 (found version "3.12.3") found components: Interpreter 
-- Found rclcpp: 28.1.16 (/opt/ros/jazzy/share/rclcpp/cmake)
-- Found rosidl_generator_c: 4.6.7 (/opt/ros/jazzy/share/rosidl_generator_c/cmake)
-- Found rosidl_generator_cpp: 4.6.7 (/opt/ros/jazzy/share/rosidl_generator_cpp/cmake)
-- Using all available rosidl_typesupport_c: rosidl_typesupport_fastrtps_c;rosidl_typesupport_introspection_c
-- Using all available rosidl_typesupport_cpp: rosidl_typesupport_fastrtps_cpp;rosidl_typesupport_introspection_cpp
-- Found rmw_implementation_cmake: 7.3.3 (/opt/ros/jazzy/share/rmw_implementation_cmake/cmake)
-- Found rmw_fastrtps_cpp: 8.4.3 (/opt/ros/jazzy/share/rmw_fastrtps_cpp/cmake)
-- Found OpenSSL: /usr/lib/x86_64-linux-gnu/libcrypto.so (found version "3.0.13")  
-- Found FastRTPS: /opt/ros/jazzy/include (Required is at least version "2.13") 
-- Using RMW implementation 'rmw_fastrtps_cpp' as default
-- Found rclcpp_components: 28.1.16 (/opt/ros/jazzy/share/rclcpp_components/cmake)
-- Found rclcpp_lifecycle: 28.1.16 (/opt/ros/jazzy/share/rclcpp_lifecycle/cmake)
-- Found sensor_msgs: 5.3.6 (/opt/ros/jazzy/share/sensor_msgs/cmake)
-- Found diagnostic_updater: 4.2.6 (/opt/ros/jazzy/share/diagnostic_updater/cmake)
-- Found laser_proc: 1.0.2 (/opt/ros/jazzy/share/laser_proc/cmake)
-- Found ament_cmake_gtest: 2.5.5 (/opt/ros/jazzy/share/ament_cmake_gtest/cmake)
-- Found gtest sources under '/opt/ros/jazzy/src/gtest_vendor': C++ tests using 'Google Test' will be built
-- Performing Test CMAKE_HAVE_LIBC_PTHREAD
-- Performing Test CMAKE_HAVE_LIBC_PTHREAD - Success
-- Found Threads: TRUE  
-- Configuring done (1.5s)
-- Generating done (0.0s)
-- Build files have been written to: /home/user/lidar_gap_ws/build/urg_node2
[  5%] [32mBuilding C object CMakeFiles/urg_c.dir/urg_library/current/src/urg_sensor.c.o[0m
[ 10%] [32mBuilding C object CMakeFiles/urg_c.dir/urg_library/current/src/urg_utils.c.o[0m
[ 15%] [32mBuilding C object CMakeFiles/urg_c.dir/urg_library/current/src/urg_connection.c.o[0m
[ 20%] [32mBuilding C object CMakeFiles/urg_c.dir/urg_library/current/src/urg_serial_utils.c.o[0m
[ 25%] [32mBuilding C object CMakeFiles/urg_c.dir/urg_library/current/src/urg_serial.c.o[0m
[ 30%] [32mBuilding CXX object gtest/CMakeFiles/gtest.dir/src/gtest-all.cc.o[0m
[ 35%] [32mBuilding CXX object CMakeFiles/urg_node2_node.dir/rclcpp_components/node_main_urg_node2_node.cpp.o[0m
[ 40%] [32mBuilding C object CMakeFiles/urg_c.dir/urg_library/current/src/urg_debug.c.o[0m
[ 45%] [32mBuilding CXX object gtest/CMakeFiles/gtest_main.dir/src/gtest_main.cc.o[0m
[ 50%] [32mBuilding C object CMakeFiles/urg_c.dir/urg_library/current/src/urg_ring_buffer.c.o[0m
[ 55%] [32mBuilding C object CMakeFiles/urg_c.dir/urg_library/current/src/urg_tcpclient.c.o[0m
[ 60%] [32m[1mLinking C shared library liburg_c.so[0m
[ 60%] Built target urg_c
[ 65%] [32mBuilding CXX object CMakeFiles/urg_node2.dir/src/urg_node2.cpp.o[0m
[ 70%] [32m[1mLinking CXX static library libgtest_main.a[0m
[ 70%] Built target gtest_main
[ 75%] [32m[1mLinking CXX executable urg_node2_node[0m
[ 75%] Built target urg_node2_node
[ 80%] [32m[1mLinking CXX static library libgtest.a[0m
[ 80%] Built target gtest
[ 85%] [32mBuilding CXX object CMakeFiles/urg_node2_test.dir/src/urg_node2.cpp.o[0m
[ 90%] [32mBuilding CXX object CMakeFiles/urg_node2_test.dir/test/urg_node2_test.cpp.o[0m
[ 95%] [32m[1mLinking CXX shared library liburg_node2.so[0m
[ 95%] Built target urg_node2
[100%] [32m[1mLinking CXX executable urg_node2_test[0m
[100%] Built target urg_node2_test
-- Install configuration: ""
-- Installing: /home/user/lidar_gap_ws/install/urg_node2/lib/urg_node2/urg_node2_node
-- Set non-toolchain portion of runtime path of "/home/user/lidar_gap_ws/install/urg_node2/lib/urg_node2/urg_node2_node" to ""
-- Installing: /home/user/lidar_gap_ws/install/urg_node2/lib/liburg_node2.so
-- Set non-toolchain portion of runtime path of "/home/user/lidar_gap_ws/install/urg_node2/lib/liburg_node2.so" to ""
-- Installing: /home/user/lidar_gap_ws/install/urg_node2/lib/liburg_c.so
-- Installing: /home/user/lidar_gap_ws/install/urg_node2/share/urg_node2/launch
-- Installing: /home/user/lidar_gap_ws/install/urg_node2/share/urg_node2/launch/build
-- Installing: /home/user/lidar_gap_ws/install/urg_node2/share/urg_node2/launch/build/.built_by
-- Installing: /home/user/lidar_gap_ws/install/urg_node2/share/urg_node2/launch/build/COLCON_IGNORE
-- Installing: /home/user/lidar_gap_ws/install/urg_node2/share/urg_node2/launch/urg_node2_component.launch.py
-- Installing: /home/user/lidar_gap_ws/install/urg_node2/share/urg_node2/launch/urg_node2.launch.py
-- Installing: /home/user/lidar_gap_ws/install/urg_node2/share/urg_node2/launch/log
-- Installing: /home/user/lidar_gap_ws/install/urg_node2/share/urg_node2/launch/log/latest
-- Installing: /home/user/lidar_gap_ws/install/urg_node2/share/urg_node2/launch/log/build_2026-02-12_15-02-37
-- Installing: /home/user/lidar_gap_ws/install/urg_node2/share/urg_node2/launch/log/build_2026-02-12_15-02-37/events.log
-- Installing: /home/user/lidar_gap_ws/install/urg_node2/share/urg_node2/launch/log/build_2026-02-12_15-02-37/logger_all.log
-- Installing: /home/user/lidar_gap_ws/install/urg_node2/share/urg_node2/launch/log/COLCON_IGNORE
-- Installing: /home/user/lidar_gap_ws/install/urg_node2/share/urg_node2/launch/log/latest_build
-- Installing: /home/user/lidar_gap_ws/install/urg_node2/share/urg_node2/launch/install
-- Installing: /home/user/lidar_gap_ws/install/urg_node2/share/urg_node2/launch/install/local_setup.bash
-- Installing: /home/user/lidar_gap_ws/install/urg_node2/share/urg_node2/launch/install/_local_setup_util_sh.py
-- Installing: /home/user/lidar_gap_ws/install/urg_node2/share/urg_node2/launch/install/.colcon_install_layout
-- Installing: /home/user/lidar_gap_ws/install/urg_node2/share/urg_node2/launch/install/setup.zsh
-- Installing: /home/user/lidar_gap_ws/install/urg_node2/share/urg_node2/launch/install/_local_setup_util_ps1.py
-- Installing: /home/user/lidar_gap_ws/install/urg_node2/share/urg_node2/launch/install/local_setup.sh
-- Installing: /home/user/lidar_gap_ws/install/urg_node2/share/urg_node2/launch/install/setup.sh
-- Installing: /home/user/lidar_gap_ws/install/urg_node2/share/urg_node2/launch/install/setup.bash
-- Installing: /home/user/lidar_gap_ws/install/urg_node2/share/urg_node2/launch/install/COLCON_IGNORE
-- Installing: /home/user/lidar_gap_ws/install/urg_node2/share/urg_node2/launch/install/setup.ps1
-- Installing: /home/user/lidar_gap_ws/install/urg_node2/share/urg_node2/launch/install/local_setup.zsh
-- Installing: /home/user/lidar_gap_ws/install/urg_node2/share/urg_node2/launch/install/local_setup.ps1
-- Installing: /home/user/lidar_gap_ws/install/urg_node2/share/urg_node2/launch/urg_node2_2lidar.launch.py
-- Installing: /home/user/lidar_gap_ws/install/urg_node2/share/urg_node2/config
-- Installing: /home/user/lidar_gap_ws/install/urg_node2/share/urg_node2/config/params_serial.yaml
-- Installing: /home/user/lidar_gap_ws/install/urg_node2/share/urg_node2/config/params_ether_2nd.yaml
-- Installing: /home/user/lidar_gap_ws/install/urg_node2/share/urg_node2/config/params_ether.yaml
-- Installing: /home/user/lidar_gap_ws/install/urg_node2/share/ament_index/resource_index/package_run_dependencies/urg_node2
-- Installing: /home/user/lidar_gap_ws/install/urg_node2/share/ament_index/resource_index/parent_prefix_path/urg_node2
-- Installing: /home/user/lidar_gap_ws/install/urg_node2/share/urg_node2/environment/ament_prefix_path.sh
-- Installing: /home/user/lidar_gap_ws/install/urg_node2/share/urg_node2/environment/ament_prefix_path.dsv
-- Installing: /home/user/lidar_gap_ws/install/urg_node2/share/urg_node2/environment/path.sh
-- Installing: /home/user/lidar_gap_ws/install/urg_node2/share/urg_node2/environment/path.dsv
-- Installing: /home/user/lidar_gap_ws/install/urg_node2/share/urg_node2/local_setup.bash
-- Installing: /home/user/lidar_gap_ws/install/urg_node2/share/urg_node2/local_setup.sh
-- Installing: /home/user/lidar_gap_ws/install/urg_node2/share/urg_node2/local_setup.zsh
-- Installing: /home/user/lidar_gap_ws/install/urg_node2/share/urg_node2/local_setup.dsv
-- Installing: /home/user/lidar_gap_ws/install/urg_node2/share/urg_node2/package.dsv
-- Installing: /home/user/lidar_gap_ws/install/urg_node2/share/ament_index/resource_index/packages/urg_node2
-- Installing: /home/user/lidar_gap_ws/install/urg_node2/share/ament_index/resource_index/rclcpp_components/urg_node2
-- Installing: /home/user/lidar_gap_ws/install/urg_node2/share/urg_node2/cmake/urg_node2Config.cmake
-- Installing: /home/user/lidar_gap_ws/install/urg_node2/share/urg_node2/cmake/urg_node2Config-version.cmake
-- Installing: /home/user/lidar_gap_ws/install/urg_node2/share/urg_node2/package.xml
