[0.168s] Invoking command in '/home/user/lidar_gap_ws/build/urg_node2': CMAKE_PREFIX_PATH=${CMAKE_PREFIX_PATH}:/opt/ros/jazzy DEBUGINFOD_URLS=https://debuginfod.ubuntu.com /usr/bin/cmake /home/user/lidar_gap_ws/src/urg_node2 -DCMAKE_INSTALL_PREFIX=/home/user/lidar_gap_ws/install/urg_node2
[0.237s] -- The C compiler identification is GNU 13.3.0
[0.282s] -- The CXX compiler identification is GNU 13.3.0
[0.301s] -- Detecting C compiler ABI info
[0.413s] -- Detecting C compiler ABI info - done
[0.420s] -- Check for working C compiler: /usr/bin/cc - skipped
[0.420s] -- Detecting C compile features
[0.421s] -- Detecting C compile features - done
[0.432s] -- Detecting CXX compiler ABI info
[0.552s] -- Detecting CXX compiler ABI info - done
[0.558s] -- Check for working CXX compiler: /usr/bin/c++ - skipped
[0.559s] -- Detecting CXX compile features
[0.559s] -- Detecting CXX compile features - done
[0.565s] -- Found ament_cmake: 2.5.5 (/opt/ros/jazzy/share/ament_cmake/cmake)
[0.693s] -- Found Python3: /usr/bin/python3 (found version "3.12.3") found components: Interpreter 
[0.817s] -- Found rclcpp: 28.1.16 (/opt/ros/jazzy/share/rclcpp/cmake)
[0.881s] -- Found rosidl_generator_c: 4.6.7 (/opt/ros/jazzy/share/rosidl_generator_c/cmake)
[0.898s] -- Found rosidl_generator_cpp: 4.6.7 (/opt/ros/jazzy/share/rosidl_generator_cpp/cmake)
[0.917s] -- Using all available rosidl_typesupport_c: rosidl_typesupport_fastrtps_c;rosidl_typesupport_introspection_c
[0.939s] -- Using all available rosidl_typesupport_cpp: rosidl_typesupport_fastrtps_cpp;rosidl_typesupport_introspection_cpp
[1.021s] -- Found rmw_implementation_cmake: 7.3.3 (/opt/ros/jazzy/share/rmw_implementation_cmake/cmake)
[1.025s] -- Found rmw_fastrtps_cpp: 8.4.3 (/opt/ros/jazzy/share/rmw_fastrtps_cpp/cmake)
[1.178s] -- Found OpenSSL: /usr/lib/x86_64-linux-gnu/libcrypto.so (found version "3.0.13")  
[1.205s] -- Found FastRTPS: /opt/ros/jazzy/include (Required is at least version "2.13") 
[1.229s] -- Using RMW implementation 'rmw_fastrtps_cpp' as default
[1.302s] -- Found rclcpp_components: 28.1.16 (/opt/ros/jazzy/share/rclcpp_components/cmake)
[1.339s] -- Found rclcpp_lifecycle: 28.1.16 (/opt/ros/jazzy/share/rclcpp_lifecycle/cmake)
[1.371s] -- Found sensor_msgs: 5.3.6 (/opt/ros/jazzy/share/sensor_msgs/cmake)
[1.424s] -- Found diagnostic_updater: 4.2.6 (/opt/ros/jazzy/share/diagnostic_updater/cmake)
[1.453s] -- Found laser_proc: 1.0.2 (/opt/ros/jazzy/share/laser_proc/cmake)
[1.462s] -- Found ament_cmake_gtest: 2.5.5 (/opt/ros/jazzy/share/ament_cmake_gtest/cmake)
[1.466s] -- Found gtest sources under '/opt/ros/jazzy/src/gtest_vendor': C++ tests using 'Google Test' will be built
[1.468s] -- Performing Test CMAKE_HAVE_LIBC_PTHREAD
[1.610s] -- Performing Test CMAKE_HAVE_LIBC_PTHREAD - Success
[1.611s] -- Found Threads: TRUE  
[1.696s] -- Configuring done (1.5s)
[1.718s] -- Generating done (0.0s)
[1.724s] -- Build files have been written to: /home/user/lidar_gap_ws/build/urg_node2
[1.733s] Invoked command in '/home/user/lidar_gap_ws/build/urg_node2' returned '0': CMAKE_PREFIX_PATH=${CMAKE_PREFIX_PATH}:/opt/ros/jazzy DEBUGINFOD_URLS=https://debuginfod.ubuntu.com /usr/bin/cmake /home/user/lidar_gap_ws/src/urg_node2 -DCMAKE_INSTALL_PREFIX=/home/user/lidar_gap_ws/install/urg_node2
[1.733s] Invoking command in '/home/user/lidar_gap_ws/build/urg_node2': CMAKE_PREFIX_PATH=${CMAKE_PREFIX_PATH}:/opt/ros/jazzy DEBUGINFOD_URLS=https://debuginfod.ubuntu.com /usr/bin/cmake --build /home/user/lidar_gap_ws/build/urg_node2 -- -j32 -l32
[1.816s] [  5%] [32mBuilding C object CMakeFiles/urg_c.dir/urg_library/current/src/urg_sensor.c.o[0m
[1.817s] [ 10%] [32mBuilding C object CMakeFiles/urg_c.dir/urg_library/current/src/urg_utils.c.o[0m
[1.817s] [ 15%] [32mBuilding C object CMakeFiles/urg_c.dir/urg_library/current/src/urg_connection.c.o[0m
[1.817s] [ 20%] [32mBuilding C object CMakeFiles/urg_c.dir/urg_library/current/src/urg_serial_utils.c.o[0m
[1.818s] [ 25%] [32mBuilding C object CMakeFiles/urg_c.dir/urg_library/current/src/urg_serial.c.o[0m
[1.819s] [ 30%] [32mBuilding CXX object gtest/CMakeFiles/gtest.dir/src/gtest-all.cc.o[0m
[1.819s] [ 35%] [32mBuilding CXX object CMakeFiles/urg_node2_node.dir/rclcpp_components/node_main_urg_node2_node.cpp.o[0m
[1.820s] [ 40%] [32mBuilding C object CMakeFiles/urg_c.dir/urg_library/current/src/urg_debug.c.o[0m
[1.821s] [ 45%] [32mBuilding CXX object gtest/CMakeFiles/gtest_main.dir/src/gtest_main.cc.o[0m
[1.822s] [ 50%] [32mBuilding C object CMakeFiles/urg_c.dir/urg_library/current/src/urg_ring_buffer.c.o[0m
[1.823s] [ 55%] [32mBuilding C object CMakeFiles/urg_c.dir/urg_library/current/src/urg_tcpclient.c.o[0m
[1.838s] [01m[K/home/user/lidar_gap_ws/src/urg_node2/urg_library/current/src/urg_utils.c:[m[K In function ‘[01m[Kurg_delay[m[K’:
[1.838s] [01m[K/home/user/lidar_gap_ws/src/urg_node2/urg_library/current/src/urg_utils.c:224:5:[m[K [01;35m[Kwarning: [m[Kimplicit declaration of function ‘[01m[Kusleep[m[K’; did you mean ‘[01m[Kurg_sleep[m[K’? [[01;35m[K]8;;https://gcc.gnu.org/onlinedocs/gcc/Warning-Options.html#index-Wimplicit-function-declaration-Wimplicit-function-declaration]8;;[m[K]
[1.838s]   224 |     [01;35m[Kusleep[m[K(1000 * delay_msec);
[1.838s]       |     [01;35m[K^~~~~~[m[K
[1.838s]       |     [32m[Kurg_sleep[m[K
[1.854s] [01m[K/home/user/lidar_gap_ws/src/urg_node2/urg_library/current/src/urg_sensor.c:1349:8:[m[K [01;35m[Kwarning: [m[Ktype qualifiers ignored on function return type [[01;35m[K]8;;https://gcc.gnu.org/onlinedocs/gcc/Warning-Options.html#index-Wignored-qualifiers-Wignored-qualifiers]8;;[m[K]
[1.854s]  1349 | static [01;35m[Kconst[m[K int receive_II_command_response(urg_t *urg,
[1.855s]       |        [01;35m[K^~~~~[m[K
[1.918s] [ 60%] [32m[1mLinking C shared library liburg_c.so[0m
[1.960s] [ 60%] Built target urg_c
[1.991s] [ 65%] [32mBuilding CXX object CMakeFiles/urg_node2.dir/src/urg_node2.cpp.o[0m
[2.243s] [ 70%] [32m[1mLinking CXX static library libgtest_main.a[0m
[2.302s] [ 70%] Built target gtest_main
[3.851s] [ 75%] [32m[1mLinking CXX executable urg_node2_node[0m
[3.950s] [ 75%] Built target urg_node2_node
[4.085s] [ 80%] [32m[1mLinking CXX static library libgtest.a[0m
[4.155s] [ 80%] Built target gtest
[4.188s] [ 85%] [32mBuilding CXX object CMakeFiles/urg_node2_test.dir/src/urg_node2.cpp.o[0m
[4.188s] [ 90%] [32mBuilding CXX object CMakeFiles/urg_node2_test.dir/test/urg_node2_test.cpp.o[0m
[5.658s] [ 95%] [32m[1mLinking CXX shared library liburg_node2.so[0m
[5.820s] [ 95%] Built target urg_node2
[10.767s] [100%] [32m[1mLinking CXX executable urg_node2_test[0m
[11.133s] [100%] Built target urg_node2_test
[11.152s] Invoked command in '/home/user/lidar_gap_ws/build/urg_node2' returned '0': CMAKE_PREFIX_PATH=${CMAKE_PREFIX_PATH}:/opt/ros/jazzy DEBUGINFOD_URLS=https://debuginfod.ubuntu.com /usr/bin/cmake --build /home/user/lidar_gap_ws/build/urg_node2 -- -j32 -l32
[11.169s] Invoking command in '/home/user/lidar_gap_ws/build/urg_node2': CMAKE_PREFIX_PATH=${CMAKE_PREFIX_PATH}:/opt/ros/jazzy DEBUGINFOD_URLS=https://debuginfod.ubuntu.com /usr/bin/cmake --install /home/user/lidar_gap_ws/build/urg_node2
[11.186s] -- Install configuration: ""
[11.187s] -- Installing: /home/user/lidar_gap_ws/install/urg_node2/lib/urg_node2/urg_node2_node
[11.187s] -- Set non-toolchain portion of runtime path of "/home/user/lidar_gap_ws/install/urg_node2/lib/urg_node2/urg_node2_node" to ""
[11.187s] -- Installing: /home/user/lidar_gap_ws/install/urg_node2/lib/liburg_node2.so
[11.188s] -- Set non-toolchain portion of runtime path of "/home/user/lidar_gap_ws/install/urg_node2/lib/liburg_node2.so" to ""
[11.188s] -- Installing: /home/user/lidar_gap_ws/install/urg_node2/lib/liburg_c.so
[11.188s] -- Installing: /home/user/lidar_gap_ws/install/urg_node2/share/urg_node2/launch
[11.188s] -- Installing: /home/user/lidar_gap_ws/install/urg_node2/share/urg_node2/launch/build
[11.188s] -- Installing: /home/user/lidar_gap_ws/install/urg_node2/share/urg_node2/launch/build/.built_by
[11.188s] -- Installing: /home/user/lidar_gap_ws/install/urg_node2/share/urg_node2/launch/build/COLCON_IGNORE
[11.188s] -- Installing: /home/user/lidar_gap_ws/install/urg_node2/share/urg_node2/launch/urg_node2_component.launch.py
[11.188s] -- Installing: /home/user/lidar_gap_ws/install/urg_node2/share/urg_node2/launch/urg_node2.launch.py
[11.188s] -- Installing: /home/user/lidar_gap_ws/install/urg_node2/share/urg_node2/launch/log
[11.188s] -- Installing: /home/user/lidar_gap_ws/install/urg_node2/share/urg_node2/launch/log/latest
[11.189s] -- Installing: /home/user/lidar_gap_ws/install/urg_node2/share/urg_node2/launch/log/build_2026-02-12_15-02-37
[11.189s] -- Installing: /home/user/lidar_gap_ws/install/urg_node2/share/urg_node2/launch/log/build_2026-02-12_15-02-37/events.log
[11.189s] -- Installing: /home/user/lidar_gap_ws/install/urg_node2/share/urg_node2/launch/log/build_2026-02-12_15-02-37/logger_all.log
[11.189s] -- Installing: /home/user/lidar_gap_ws/install/urg_node2/share/urg_node2/launch/log/COLCON_IGNORE
[11.189s] -- Installing: /home/user/lidar_gap_ws/install/urg_node2/share/urg_node2/launch/log/latest_build
[11.189s] -- Installing: /home/user/lidar_gap_ws/install/urg_node2/share/urg_node2/launch/install
[11.189s] -- Installing: /home/user/lidar_gap_ws/install/urg_node2/share/urg_node2/launch/install/local_setup.bash
[11.189s] -- Installing: /home/user/lidar_gap_ws/install/urg_node2/share/urg_node2/launch/install/_local_setup_util_sh.py
[11.189s] -- Installing: /home/user/lidar_gap_ws/install/urg_node2/share/urg_node2/launch/install/.colcon_install_layout
[11.189s] -- Installing: /home/user/lidar_gap_ws/install/urg_node2/share/urg_node2/launch/install/setup.zsh
[11.189s] -- Installing: /home/user/lidar_gap_ws/install/urg_node2/share/urg_node2/launch/install/_local_setup_util_ps1.py
[11.189s] -- Installing: /home/user/lidar_gap_ws/install/urg_node2/share/urg_node2/launch/install/local_setup.sh
[11.189s] -- Installing: /home/user/lidar_gap_ws/install/urg_node2/share/urg_node2/launch/install/setup.sh
[11.189s] -- Installing: /home/user/lidar_gap_ws/install/urg_node2/share/urg_node2/launch/install/setup.bash
[11.189s] -- Installing: /home/user/lidar_gap_ws/install/urg_node2/share/urg_node2/launch/install/COLCON_IGNORE
[11.189s] -- Installing: /home/user/lidar_gap_ws/install/urg_node2/share/urg_node2/launch/install/setup.ps1
[11.189s] -- Installing: /home/user/lidar_gap_ws/install/urg_node2/share/urg_node2/launch/install/local_setup.zsh
[11.189s] -- Installing: /home/user/lidar_gap_ws/install/urg_node2/share/urg_node2/launch/install/local_setup.ps1
[11.189s] -- Installing: /home/user/lidar_gap_ws/install/urg_node2/share/urg_node2/launch/urg_node2_2lidar.launch.py
[11.189s] -- Installing: /home/user/lidar_gap_ws/install/urg_node2/share/urg_node2/config
[11.189s] -- Installing: /home/user/lidar_gap_ws/install/urg_node2/share/urg_node2/config/params_serial.yaml
[11.189s] -- Installing: /home/user/lidar_gap_ws/install/urg_node2/share/urg_node2/config/params_ether_2nd.yaml
[11.189s] -- Installing: /home/user/lidar_gap_ws/install/urg_node2/share/urg_node2/config/params_ether.yaml
[11.190s] -- Installing: /home/user/lidar_gap_ws/install/urg_node2/share/ament_index/resource_index/package_run_dependencies/urg_node2
[11.190s] -- Installing: /home/user/lidar_gap_ws/install/urg_node2/share/ament_index/resource_index/parent_prefix_path/urg_node2
[11.190s] -- Installing: /home/user/lidar_gap_ws/install/urg_node2/share/urg_node2/environment/ament_prefix_path.sh
[11.190s] -- Installing: /home/user/lidar_gap_ws/install/urg_node2/share/urg_node2/environment/ament_prefix_path.dsv
[11.190s] -- Installing: /home/user/lidar_gap_ws/install/urg_node2/share/urg_node2/environment/path.sh
[11.190s] -- Installing: /home/user/lidar_gap_ws/install/urg_node2/share/urg_node2/environment/path.dsv
[11.190s] -- Installing: /home/user/lidar_gap_ws/install/urg_node2/share/urg_node2/local_setup.bash
[11.190s] -- Installing: /home/user/lidar_gap_ws/install/urg_node2/share/urg_node2/local_setup.sh
[11.190s] -- Installing: /home/user/lidar_gap_ws/install/urg_node2/share/urg_node2/local_setup.zsh
[11.190s] -- Installing: /home/user/lidar_gap_ws/install/urg_node2/share/urg_node2/local_setup.dsv
[11.190s] -- Installing: /home/user/lidar_gap_ws/install/urg_node2/share/urg_node2/package.dsv
[11.191s] -- Installing: /home/user/lidar_gap_ws/install/urg_node2/share/ament_index/resource_index/packages/urg_node2
[11.191s] -- Installing: /home/user/lidar_gap_ws/install/urg_node2/share/ament_index/resource_index/rclcpp_components/urg_node2
[11.191s] -- Installing: /home/user/lidar_gap_ws/install/urg_node2/share/urg_node2/cmake/urg_node2Config.cmake
[11.191s] -- Installing: /home/user/lidar_gap_ws/install/urg_node2/share/urg_node2/cmake/urg_node2Config-version.cmake
[11.191s] -- Installing: /home/user/lidar_gap_ws/install/urg_node2/share/urg_node2/package.xml
[11.192s] Invoked command in '/home/user/lidar_gap_ws/build/urg_node2' returned '0': CMAKE_PREFIX_PATH=${CMAKE_PREFIX_PATH}:/opt/ros/jazzy DEBUGINFOD_URLS=https://debuginfod.ubuntu.com /usr/bin/cmake --install /home/user/lidar_gap_ws/build/urg_node2
