[0.161s] Invoking command in '/home/user/lidar_gap_ws/src/build/urg_node2': CMAKE_PREFIX_PATH=${CMAKE_PREFIX_PATH}:/home/user/ros2_ws/install/ScanFilter:/opt/ros/jazzy DEBUGINFOD_URLS=https://debuginfod.ubuntu.com /usr/bin/cmake /home/user/lidar_gap_ws/src/urg_node2 -DCMAKE_INSTALL_PREFIX=/home/user/lidar_gap_ws/src/install/urg_node2
[0.252s] -- The C compiler identification is GNU 13.3.0
[0.331s] -- The CXX compiler identification is GNU 13.3.0
[0.354s] -- Detecting C compiler ABI info
[0.467s] -- Detecting C compiler ABI info - done
[0.477s] -- Check for working C compiler: /usr/bin/cc - skipped
[0.479s] -- Detecting C compile features
[0.480s] -- Detecting C compile features - done
[0.492s] -- Detecting CXX compiler ABI info
[0.622s] -- Detecting CXX compiler ABI info - done
[0.629s] -- Check for working CXX compiler: /usr/bin/c++ - skipped
[0.629s] -- Detecting CXX compile features
[0.629s] -- Detecting CXX compile features - done
[0.638s] -- Found ament_cmake: 2.5.5 (/opt/ros/jazzy/share/ament_cmake/cmake)
[0.778s] -- Found Python3: /usr/bin/python3 (found version "3.12.3") found components: Interpreter 
[0.921s] -- Found rclcpp: 28.1.16 (/opt/ros/jazzy/share/rclcpp/cmake)
[0.995s] -- Found rosidl_generator_c: 4.6.7 (/opt/ros/jazzy/share/rosidl_generator_c/cmake)
[1.016s] -- Found rosidl_generator_cpp: 4.6.7 (/opt/ros/jazzy/share/rosidl_generator_cpp/cmake)
[1.043s] -- Using all available rosidl_typesupport_c: rosidl_typesupport_fastrtps_c;rosidl_typesupport_introspection_c
[1.070s] -- Using all available rosidl_typesupport_cpp: rosidl_typesupport_fastrtps_cpp;rosidl_typesupport_introspection_cpp
[1.177s] -- Found rmw_implementation_cmake: 7.3.3 (/opt/ros/jazzy/share/rmw_implementation_cmake/cmake)
[1.185s] -- Found rmw_fastrtps_cpp: 8.4.3 (/opt/ros/jazzy/share/rmw_fastrtps_cpp/cmake)
[1.322s] -- Found OpenSSL: /usr/lib/x86_64-linux-gnu/libcrypto.so (found version "3.0.13")  
[1.339s] -- Found FastRTPS: /opt/ros/jazzy/include (Required is at least version "2.13") 
[1.363s] -- Using RMW implementation 'rmw_fastrtps_cpp' as default
[1.461s] -- Found rclcpp_components: 28.1.16 (/opt/ros/jazzy/share/rclcpp_components/cmake)
[1.506s] -- Found rclcpp_lifecycle: 28.1.16 (/opt/ros/jazzy/share/rclcpp_lifecycle/cmake)
[1.547s] -- Found sensor_msgs: 5.3.6 (/opt/ros/jazzy/share/sensor_msgs/cmake)
[1.614s] -- Found diagnostic_updater: 4.2.6 (/opt/ros/jazzy/share/diagnostic_updater/cmake)
[1.652s] -- Found laser_proc: 1.0.2 (/opt/ros/jazzy/share/laser_proc/cmake)
[1.664s] -- Found ament_cmake_gtest: 2.5.5 (/opt/ros/jazzy/share/ament_cmake_gtest/cmake)
[1.671s] -- Found gtest sources under '/opt/ros/jazzy/src/gtest_vendor': C++ tests using 'Google Test' will be built
[1.673s] -- Performing Test CMAKE_HAVE_LIBC_PTHREAD
[1.790s] -- Performing Test CMAKE_HAVE_LIBC_PTHREAD - Success
[1.791s] -- Found Threads: TRUE  
[1.868s] -- Configuring done (1.7s)
[1.890s] -- Generating done (0.0s)
[1.896s] -- Build files have been written to: /home/user/lidar_gap_ws/src/build/urg_node2
[1.905s] Invoked command in '/home/user/lidar_gap_ws/src/build/urg_node2' returned '0': CMAKE_PREFIX_PATH=${CMAKE_PREFIX_PATH}:/home/user/ros2_ws/install/ScanFilter:/opt/ros/jazzy DEBUGINFOD_URLS=https://debuginfod.ubuntu.com /usr/bin/cmake /home/user/lidar_gap_ws/src/urg_node2 -DCMAKE_INSTALL_PREFIX=/home/user/lidar_gap_ws/src/install/urg_node2
[1.906s] Invoking command in '/home/user/lidar_gap_ws/src/build/urg_node2': CMAKE_PREFIX_PATH=${CMAKE_PREFIX_PATH}:/home/user/ros2_ws/install/ScanFilter:/opt/ros/jazzy DEBUGINFOD_URLS=https://debuginfod.ubuntu.com /usr/bin/cmake --build /home/user/lidar_gap_ws/src/build/urg_node2 -- -j32 -l32
[1.982s] [  5%] [32mBuilding CXX object gtest/CMakeFiles/gtest_main.dir/src/gtest_main.cc.o[0m
[1.987s] [ 10%] [32mBuilding C object CMakeFiles/urg_c.dir/urg_library/current/src/urg_serial_utils.c.o[0m
[1.987s] [ 15%] [32mBuilding C object CMakeFiles/urg_c.dir/urg_library/current/src/urg_tcpclient.c.o[0m
[1.989s] [ 20%] [32mBuilding CXX object gtest/CMakeFiles/gtest.dir/src/gtest-all.cc.o[0m
[1.991s] [ 25%] [32mBuilding C object CMakeFiles/urg_c.dir/urg_library/current/src/urg_sensor.c.o[0m
[1.991s] [ 30%] [32mBuilding C object CMakeFiles/urg_c.dir/urg_library/current/src/urg_utils.c.o[0m
[1.991s] [ 35%] [32mBuilding C object CMakeFiles/urg_c.dir/urg_library/current/src/urg_debug.c.o[0m
[1.991s] [ 45%] [32mBuilding C object CMakeFiles/urg_c.dir/urg_library/current/src/urg_ring_buffer.c.o[0m
[1.991s] [ 45%] [32mBuilding C object CMakeFiles/urg_c.dir/urg_library/current/src/urg_connection.c.o[0m
[1.992s] [ 55%] [32mBuilding C object CMakeFiles/urg_c.dir/urg_library/current/src/urg_serial.c.o[0m
[1.992s] [ 55%] [32mBuilding CXX object CMakeFiles/urg_node2_node.dir/rclcpp_components/node_main_urg_node2_node.cpp.o[0m
[2.022s] [01m[K/home/user/lidar_gap_ws/src/urg_node2/urg_library/current/src/urg_utils.c:[m[K In function ‘[01m[Kurg_delay[m[K’:
[2.022s] [01m[K/home/user/lidar_gap_ws/src/urg_node2/urg_library/current/src/urg_utils.c:224:5:[m[K [01;35m[Kwarning: [m[Kimplicit declaration of function ‘[01m[Kusleep[m[K’; did you mean ‘[01m[Kurg_sleep[m[K’? [[01;35m[K]8;;https://gcc.gnu.org/onlinedocs/gcc/Warning-Options.html#index-Wimplicit-function-declaration-Wimplicit-function-declaration]8;;[m[K]
[2.022s]   224 |     [01;35m[Kusleep[m[K(1000 * delay_msec);
[2.022s]       |     [01;35m[K^~~~~~[m[K
[2.022s]       |     [32m[Kurg_sleep[m[K
[2.023s] [01m[K/home/user/lidar_gap_ws/src/urg_node2/urg_library/current/src/urg_sensor.c:1349:8:[m[K [01;35m[Kwarning: [m[Ktype qualifiers ignored on function return type [[01;35m[K]8;;https://gcc.gnu.org/onlinedocs/gcc/Warning-Options.html#index-Wignored-qualifiers-Wignored-qualifiers]8;;[m[K]
[2.023s]  1349 | static [01;35m[Kconst[m[K int receive_II_command_response(urg_t *urg,
[2.023s]       |        [01;35m[K^~~~~[m[K
[2.086s] [ 60%] [32m[1mLinking C shared library liburg_c.so[0m
[2.140s] [ 60%] Built target urg_c
[2.177s] [ 65%] [32mBuilding CXX object CMakeFiles/urg_node2.dir/src/urg_node2.cpp.o[0m
[2.433s] [ 70%] [32m[1mLinking CXX static library libgtest_main.a[0m
[2.485s] [ 70%] Built target gtest_main
[4.072s] [ 75%] [32m[1mLinking CXX executable urg_node2_node[0m
[4.177s] [ 75%] Built target urg_node2_node
[4.265s] [ 80%] [32m[1mLinking CXX static library libgtest.a[0m
[4.336s] [ 80%] Built target gtest
[4.369s] [ 85%] [32mBuilding CXX object CMakeFiles/urg_node2_test.dir/test/urg_node2_test.cpp.o[0m
[4.374s] [ 90%] [32mBuilding CXX object CMakeFiles/urg_node2_test.dir/src/urg_node2.cpp.o[0m
[5.872s] [ 95%] [32m[1mLinking CXX shared library liburg_node2.so[0m
[6.046s] [ 95%] Built target urg_node2
[10.998s] [100%] [32m[1mLinking CXX executable urg_node2_test[0m
[11.353s] [100%] Built target urg_node2_test
[11.368s] Invoked command in '/home/user/lidar_gap_ws/src/build/urg_node2' returned '0': CMAKE_PREFIX_PATH=${CMAKE_PREFIX_PATH}:/home/user/ros2_ws/install/ScanFilter:/opt/ros/jazzy DEBUGINFOD_URLS=https://debuginfod.ubuntu.com /usr/bin/cmake --build /home/user/lidar_gap_ws/src/build/urg_node2 -- -j32 -l32
[11.384s] Invoking command in '/home/user/lidar_gap_ws/src/build/urg_node2': CMAKE_PREFIX_PATH=${CMAKE_PREFIX_PATH}:/home/user/ros2_ws/install/ScanFilter:/opt/ros/jazzy DEBUGINFOD_URLS=https://debuginfod.ubuntu.com /usr/bin/cmake --install /home/user/lidar_gap_ws/src/build/urg_node2
[11.396s] -- Install configuration: ""
[11.396s] -- Installing: /home/user/lidar_gap_ws/src/install/urg_node2/lib/urg_node2/urg_node2_node
[11.397s] -- Set non-toolchain portion of runtime path of "/home/user/lidar_gap_ws/src/install/urg_node2/lib/urg_node2/urg_node2_node" to ""
[11.397s] -- Installing: /home/user/lidar_gap_ws/src/install/urg_node2/lib/liburg_node2.so
[11.398s] -- Set non-toolchain portion of runtime path of "/home/user/lidar_gap_ws/src/install/urg_node2/lib/liburg_node2.so" to ""
[11.398s] -- Installing: /home/user/lidar_gap_ws/src/install/urg_node2/lib/liburg_c.so
[11.398s] -- Installing: /home/user/lidar_gap_ws/src/install/urg_node2/share/urg_node2/launch
[11.398s] -- Installing: /home/user/lidar_gap_ws/src/install/urg_node2/share/urg_node2/launch/build
[11.398s] -- Installing: /home/user/lidar_gap_ws/src/install/urg_node2/share/urg_node2/launch/build/.built_by
[11.398s] -- Installing: /home/user/lidar_gap_ws/src/install/urg_node2/share/urg_node2/launch/build/COLCON_IGNORE
[11.398s] -- Installing: /home/user/lidar_gap_ws/src/install/urg_node2/share/urg_node2/launch/urg_node2_component.launch.py
[11.398s] -- Installing: /home/user/lidar_gap_ws/src/install/urg_node2/share/urg_node2/launch/urg_node2.launch.py
[11.398s] -- Installing: /home/user/lidar_gap_ws/src/install/urg_node2/share/urg_node2/launch/log
[11.398s] -- Installing: /home/user/lidar_gap_ws/src/install/urg_node2/share/urg_node2/launch/log/latest
[11.398s] -- Installing: /home/user/lidar_gap_ws/src/install/urg_node2/share/urg_node2/launch/log/build_2026-02-12_15-02-37
[11.398s] -- Installing: /home/user/lidar_gap_ws/src/install/urg_node2/share/urg_node2/launch/log/build_2026-02-12_15-02-37/events.log
[11.398s] -- Installing: /home/user/lidar_gap_ws/src/install/urg_node2/share/urg_node2/launch/log/build_2026-02-12_15-02-37/logger_all.log
[11.398s] -- Installing: /home/user/lidar_gap_ws/src/install/urg_node2/share/urg_node2/launch/log/COLCON_IGNORE
[11.398s] -- Installing: /home/user/lidar_gap_ws/src/install/urg_node2/share/urg_node2/launch/log/latest_build
[11.398s] -- Installing: /home/user/lidar_gap_ws/src/install/urg_node2/share/urg_node2/launch/install
[11.399s] -- Installing: /home/user/lidar_gap_ws/src/install/urg_node2/share/urg_node2/launch/install/local_setup.bash
[11.399s] -- Installing: /home/user/lidar_gap_ws/src/install/urg_node2/share/urg_node2/launch/install/_local_setup_util_sh.py
[11.399s] -- Installing: /home/user/lidar_gap_ws/src/install/urg_node2/share/urg_node2/launch/install/.colcon_install_layout
[11.399s] -- Installing: /home/user/lidar_gap_ws/src/install/urg_node2/share/urg_node2/launch/install/setup.zsh
[11.399s] -- Installing: /home/user/lidar_gap_ws/src/install/urg_node2/share/urg_node2/launch/install/_local_setup_util_ps1.py
[11.399s] -- Installing: /home/user/lidar_gap_ws/src/install/urg_node2/share/urg_node2/launch/install/local_setup.sh
[11.399s] -- Installing: /home/user/lidar_gap_ws/src/install/urg_node2/share/urg_node2/launch/install/setup.sh
[11.399s] -- Installing: /home/user/lidar_gap_ws/src/install/urg_node2/share/urg_node2/launch/install/setup.bash
[11.399s] -- Installing: /home/user/lidar_gap_ws/src/install/urg_node2/share/urg_node2/launch/install/COLCON_IGNORE
[11.399s] -- Installing: /home/user/lidar_gap_ws/src/install/urg_node2/share/urg_node2/launch/install/setup.ps1
[11.399s] -- Installing: /home/user/lidar_gap_ws/src/install/urg_node2/share/urg_node2/launch/install/local_setup.zsh
[11.399s] -- Installing: /home/user/lidar_gap_ws/src/install/urg_node2/share/urg_node2/launch/install/local_setup.ps1
[11.399s] -- Installing: /home/user/lidar_gap_ws/src/install/urg_node2/share/urg_node2/launch/urg_node2_2lidar.launch.py
[11.399s] -- Installing: /home/user/lidar_gap_ws/src/install/urg_node2/share/urg_node2/config
[11.399s] -- Installing: /home/user/lidar_gap_ws/src/install/urg_node2/share/urg_node2/config/params_serial.yaml
[11.399s] -- Installing: /home/user/lidar_gap_ws/src/install/urg_node2/share/urg_node2/config/params_ether_2nd.yaml
[11.399s] -- Installing: /home/user/lidar_gap_ws/src/install/urg_node2/share/urg_node2/config/params_ether.yaml
[11.400s] -- Installing: /home/user/lidar_gap_ws/src/install/urg_node2/share/ament_index/resource_index/package_run_dependencies/urg_node2
[11.400s] -- Installing: /home/user/lidar_gap_ws/src/install/urg_node2/share/ament_index/resource_index/parent_prefix_path/urg_node2
[11.400s] -- Installing: /home/user/lidar_gap_ws/src/install/urg_node2/share/urg_node2/environment/ament_prefix_path.sh
[11.400s] -- Installing: /home/user/lidar_gap_ws/src/install/urg_node2/share/urg_node2/environment/ament_prefix_path.dsv
[11.400s] -- Installing: /home/user/lidar_gap_ws/src/install/urg_node2/share/urg_node2/environment/path.sh
[11.400s] -- Installing: /home/user/lidar_gap_ws/src/install/urg_node2/share/urg_node2/environment/path.dsv
[11.400s] -- Installing: /home/user/lidar_gap_ws/src/install/urg_node2/share/urg_node2/local_setup.bash
[11.400s] -- Installing: /home/user/lidar_gap_ws/src/install/urg_node2/share/urg_node2/local_setup.sh
[11.400s] -- Installing: /home/user/lidar_gap_ws/src/install/urg_node2/share/urg_node2/local_setup.zsh
[11.400s] -- Installing: /home/user/lidar_gap_ws/src/install/urg_node2/share/urg_node2/local_setup.dsv
[11.400s] -- Installing: /home/user/lidar_gap_ws/src/install/urg_node2/share/urg_node2/package.dsv
[11.400s] -- Installing: /home/user/lidar_gap_ws/src/install/urg_node2/share/ament_index/resource_index/packages/urg_node2
[11.401s] -- Installing: /home/user/lidar_gap_ws/src/install/urg_node2/share/ament_index/resource_index/rclcpp_components/urg_node2
[11.401s] -- Installing: /home/user/lidar_gap_ws/src/install/urg_node2/share/urg_node2/cmake/urg_node2Config.cmake
[11.401s] -- Installing: /home/user/lidar_gap_ws/src/install/urg_node2/share/urg_node2/cmake/urg_node2Config-version.cmake
[11.401s] -- Installing: /home/user/lidar_gap_ws/src/install/urg_node2/share/urg_node2/package.xml
[11.402s] Invoked command in '/home/user/lidar_gap_ws/src/build/urg_node2' returned '0': CMAKE_PREFIX_PATH=${CMAKE_PREFIX_PATH}:/home/user/ros2_ws/install/ScanFilter:/opt/ros/jazzy DEBUGINFOD_URLS=https://debuginfod.ubuntu.com /usr/bin/cmake --install /home/user/lidar_gap_ws/src/build/urg_node2
