[ 10%] Built target gtest_main
[ 20%] Built target gtest
[ 65%] Built target urg_c
[ 75%] Built target urg_node2_node
[ 85%] Built target urg_node2
[100%] Built target urg_node2_test
-- Install configuration: ""
-- Up-to-date: /home/user/lidar_gap_ws/install/urg_node2/lib/urg_node2/urg_node2_node
-- Up-to-date: /home/user/lidar_gap_ws/install/urg_node2/lib/liburg_node2.so
-- Up-to-date: /home/user/lidar_gap_ws/install/urg_node2/lib/liburg_c.so
-- Up-to-date: /home/user/lidar_gap_ws/install/urg_node2/share/urg_node2/launch
-- Up-to-date: /home/user/lidar_gap_ws/install/urg_node2/share/urg_node2/launch/build
-- Up-to-date: /home/user/lidar_gap_ws/install/urg_node2/share/urg_node2/launch/build/.built_by
-- Up-to-date: /home/user/lidar_gap_ws/install/urg_node2/share/urg_node2/launch/build/COLCON_IGNORE
-- Up-to-date: /home/user/lidar_gap_ws/install/urg_node2/share/urg_node2/launch/urg_node2_component.launch.py
-- Up-to-date: /home/user/lidar_gap_ws/install/urg_node2/share/urg_node2/launch/urg_node2.launch.py
-- Up-to-date: /home/user/lidar_gap_ws/install/urg_node2/share/urg_node2/launch/log
-- Up-to-date: /home/user/lidar_gap_ws/install/urg_node2/share/urg_node2/launch/log/latest
-- Up-to-date: /home/user/lidar_gap_ws/install/urg_node2/share/urg_node2/launch/log/build_2026-02-12_15-02-37
-- Up-to-date: /home/user/lidar_gap_ws/install/urg_node2/share/urg_node2/launch/log/build_2026-02-12_15-02-37/events.log
-- Up-to-date: /home/user/lidar_gap_ws/install/urg_node2/share/urg_node2/launch/log/build_2026-02-12_15-02-37/logger_all.log
-- Up-to-date: /home/user/lidar_gap_ws/install/urg_node2/share/urg_node2/launch/log/COLCON_IGNORE
-- Up-to-date: /home/user/lidar_gap_ws/install/urg_node2/share/urg_node2/launch/log/latest_build
-- Up-to-date: /home/user/lidar_gap_ws/install/urg_node2/share/urg_node2/launch/install
-- Up-to-date: /home/user/lidar_gap_ws/install/urg_node2/share/urg_node2/launch/install/local_setup.bash
-- Up-to-date: /home/user/lidar_gap_ws/install/urg_node2/share/urg_node2/launch/install/_local_setup_util_sh.py
-- Up-to-date: /home/user/lidar_gap_ws/install/urg_node2/share/urg_node2/launch/install/.colcon_install_layout
-- Up-to-date: /home/user/lidar_gap_ws/install/urg_node2/share/urg_node2/launch/install/setup.zsh
-- Up-to-date: /home/user/lidar_gap_ws/install/urg_node2/share/urg_node2/launch/install/_local_setup_util_ps1.py
-- Up-to-date: /home/user/lidar_gap_ws/install/urg_node2/share/urg_node2/launch/install/local_setup.sh
-- Up-to-date: /home/user/lidar_gap_ws/install/urg_node2/share/urg_node2/launch/install/setup.sh
-- Up-to-date: /home/user/lidar_gap_ws/install/urg_node2/share/urg_node2/launch/install/setup.bash
-- Up-to-date: /home/user/lidar_gap_ws/install/urg_node2/share/urg_node2/launch/install/COLCON_IGNORE
-- Up-to-date: /home/user/lidar_gap_ws/install/urg_node2/share/urg_node2/launch/install/setup.ps1
-- Up-to-date: /home/user/lidar_gap_ws/install/urg_node2/share/urg_node2/launch/install/local_setup.zsh
-- Up-to-date: /home/user/lidar_gap_ws/install/urg_node2/share/urg_node2/launch/install/local_setup.ps1
-- Up-to-date: /home/user/lidar_gap_ws/install/urg_node2/share/urg_node2/launch/urg_node2_2lidar.launch.py
-- Up-to-date: /home/user/lidar_gap_ws/install/urg_node2/share/urg_node2/config
-- Up-to-date: /home/user/lidar_gap_ws/install/urg_node2/share/urg_node2/config/params_serial.yaml
-- Up-to-date: /home/user/lidar_gap_ws/install/urg_node2/share/urg_node2/config/params_ether_2nd.yaml
-- Up-to-date: /home/user/lidar_gap_ws/install/urg_node2/share/urg_node2/config/params_ether.yaml
-- Up-to-date: /home/user/lidar_gap_ws/install/urg_node2/share/ament_index/resource_index/package_run_dependencies/urg_node2
-- Up-to-date: /home/user/lidar_gap_ws/install/urg_node2/share/ament_index/resource_index/parent_prefix_path/urg_node2
-- Up-to-date: /home/user/lidar_gap_ws/install/urg_node2/share/urg_node2/environment/ament_prefix_path.sh
-- Up-to-date: /home/user/lidar_gap_ws/install/urg_node2/share/urg_node2/environment/ament_prefix_path.dsv
-- Up-to-date: /home/user/lidar_gap_ws/install/urg_node2/share/urg_node2/environment/path.sh
-- Up-to-date: /home/user/lidar_gap_ws/install/urg_node2/share/urg_node2/environment/path.dsv
-- Up-to-date: /home/user/lidar_gap_ws/install/urg_node2/share/urg_node2/local_setup.bash
-- Up-to-date: /home/user/lidar_gap_ws/install/urg_node2/share/urg_node2/local_setup.sh
-- Up-to-date: /home/user/lidar_gap_ws/install/urg_node2/share/urg_node2/local_setup.zsh
-- Up-to-date: /home/user/lidar_gap_ws/install/urg_node2/share/urg_node2/local_setup.dsv
-- Installing: /home/user/lidar_gap_ws/install/urg_node2/share/urg_node2/package.dsv
-- Up-to-date: /home/user/lidar_gap_ws/install/urg_node2/share/ament_index/resource_index/packages/urg_node2
-- Up-to-date: /home/user/lidar_gap_ws/install/urg_node2/share/ament_index/resource_index/rclcpp_components/urg_node2
-- Up-to-date: /home/user/lidar_gap_ws/install/urg_node2/share/urg_node2/cmake/urg_node2Config.cmake
-- Up-to-date: /home/user/lidar_gap_ws/install/urg_node2/share/urg_node2/cmake/urg_node2Config-version.cmake
-- Up-to-date: /home/user/lidar_gap_ws/install/urg_node2/share/urg_node2/package.xml
