[0.161s] Invoking command in '/home/user/lidar_gap_ws/build/urg_node2': CMAKE_PREFIX_PATH=${CMAKE_PREFIX_PATH}:/home/user/lidar_gap_ws/install/ScanFilter:/opt/ros/jazzy DEBUGINFOD_URLS=https://debuginfod.ubuntu.com /usr/bin/cmake --build /home/user/lidar_gap_ws/build/urg_node2 -- -j32 -l32
[0.241s] [ 45%] Built target urg_c
[0.248s] [ 55%] Built target urg_node2_node
[0.250s] [ 65%] Built target gtest_main
[0.250s] [ 75%] Built target gtest
[0.276s] [ 85%] Built target urg_node2
[0.286s] [100%] Built target urg_node2_test
[0.300s] Invoked command in '/home/user/lidar_gap_ws/build/urg_node2' returned '0': CMAKE_PREFIX_PATH=${CMAKE_PREFIX_PATH}:/home/user/lidar_gap_ws/install/ScanFilter:/opt/ros/jazzy DEBUGINFOD_URLS=https://debuginfod.ubuntu.com /usr/bin/cmake --build /home/user/lidar_gap_ws/build/urg_node2 -- -j32 -l32
[0.316s] Invoking command in '/home/user/lidar_gap_ws/build/urg_node2': CMAKE_PREFIX_PATH=${CMAKE_PREFIX_PATH}:/home/user/lidar_gap_ws/install/ScanFilter:/opt/ros/jazzy DEBUGINFOD_URLS=https://debuginfod.ubuntu.com /usr/bin/cmake --install /home/user/lidar_gap_ws/build/urg_node2
[0.329s] -- Install configuration: ""
[0.329s] -- Up-to-date: /home/user/lidar_gap_ws/install/urg_node2/lib/urg_node2/urg_node2_node
[0.329s] -- Up-to-date: /home/user/lidar_gap_ws/install/urg_node2/lib/liburg_node2.so
[0.329s] -- Up-to-date: /home/user/lidar_gap_ws/install/urg_node2/lib/liburg_c.so
[0.329s] -- Up-to-date: /home/user/lidar_gap_ws/install/urg_node2/share/urg_node2/launch
[0.329s] -- Up-to-date: /home/user/lidar_gap_ws/install/urg_node2/share/urg_node2/launch/build
[0.329s] -- Up-to-date: /home/user/lidar_gap_ws/install/urg_node2/share/urg_node2/launch/build/.built_by
[0.329s] -- Up-to-date: /home/user/lidar_gap_ws/install/urg_node2/share/urg_node2/launch/build/COLCON_IGNORE
[0.329s] -- Up-to-date: /home/user/lidar_gap_ws/install/urg_node2/share/urg_node2/launch/urg_node2_component.launch.py
[0.329s] -- Up-to-date: /home/user/lidar_gap_ws/install/urg_node2/share/urg_node2/launch/urg_node2.launch.py
[0.329s] -- Up-to-date: /home/user/lidar_gap_ws/install/urg_node2/share/urg_node2/launch/log
[0.329s] -- Up-to-date: /home/user/lidar_gap_ws/install/urg_node2/share/urg_node2/launch/log/latest
[0.329s] -- Up-to-date: /home/user/lidar_gap_ws/install/urg_node2/share/urg_node2/launch/log/build_2026-02-12_15-02-37
[0.329s] -- Up-to-date: /home/user/lidar_gap_ws/install/urg_node2/share/urg_node2/launch/log/build_2026-02-12_15-02-37/events.log
[0.329s] -- Up-to-date: /home/user/lidar_gap_ws/install/urg_node2/share/urg_node2/launch/log/build_2026-02-12_15-02-37/logger_all.log
[0.329s] -- Up-to-date: /home/user/lidar_gap_ws/install/urg_node2/share/urg_node2/launch/log/COLCON_IGNORE
[0.329s] -- Up-to-date: /home/user/lidar_gap_ws/install/urg_node2/share/urg_node2/launch/log/latest_build
[0.329s] -- Up-to-date: /home/user/lidar_gap_ws/install/urg_node2/share/urg_node2/launch/install
[0.329s] -- Up-to-date: /home/user/lidar_gap_ws/install/urg_node2/share/urg_node2/launch/install/local_setup.bash
[0.330s] -- Up-to-date: /home/user/lidar_gap_ws/install/urg_node2/share/urg_node2/launch/install/_local_setup_util_sh.py
[0.330s] -- Up-to-date: /home/user/lidar_gap_ws/install/urg_node2/share/urg_node2/launch/install/.colcon_install_layout
[0.330s] -- Up-to-date: /home/user/lidar_gap_ws/install/urg_node2/share/urg_node2/launch/install/setup.zsh
[0.330s] -- Up-to-date: /home/user/lidar_gap_ws/install/urg_node2/share/urg_node2/launch/install/_local_setup_util_ps1.py
[0.330s] -- Up-to-date: /home/user/lidar_gap_ws/install/urg_node2/share/urg_node2/launch/install/local_setup.sh
[0.330s] -- Up-to-date: /home/user/lidar_gap_ws/install/urg_node2/share/urg_node2/launch/install/setup.sh
[0.330s] -- Up-to-date: /home/user/lidar_gap_ws/install/urg_node2/share/urg_node2/launch/install/setup.bash
[0.330s] -- Up-to-date: /home/user/lidar_gap_ws/install/urg_node2/share/urg_node2/launch/install/COLCON_IGNORE
[0.330s] -- Up-to-date: /home/user/lidar_gap_ws/install/urg_node2/share/urg_node2/launch/install/setup.ps1
[0.330s] -- Up-to-date: /home/user/lidar_gap_ws/install/urg_node2/share/urg_node2/launch/install/local_setup.zsh
[0.330s] -- Up-to-date: /home/user/lidar_gap_ws/install/urg_node2/share/urg_node2/launch/install/local_setup.ps1
[0.330s] -- Up-to-date: /home/user/lidar_gap_ws/install/urg_node2/share/urg_node2/launch/urg_node2_2lidar.launch.py
[0.330s] -- Up-to-date: /home/user/lidar_gap_ws/install/urg_node2/share/urg_node2/config
[0.330s] -- Up-to-date: /home/user/lidar_gap_ws/install/urg_node2/share/urg_node2/config/params_serial.yaml
[0.330s] -- Up-to-date: /home/user/lidar_gap_ws/install/urg_node2/share/urg_node2/config/params_ether_2nd.yaml
[0.330s] -- Up-to-date: /home/user/lidar_gap_ws/install/urg_node2/share/urg_node2/config/params_ether.yaml
[0.330s] -- Up-to-date: /home/user/lidar_gap_ws/install/urg_node2/share/ament_index/resource_index/package_run_dependencies/urg_node2
[0.330s] -- Up-to-date: /home/user/lidar_gap_ws/install/urg_node2/share/ament_index/resource_index/parent_prefix_path/urg_node2
[0.330s] -- Up-to-date: /home/user/lidar_gap_ws/install/urg_node2/share/urg_node2/environment/ament_prefix_path.sh
[0.330s] -- Up-to-date: /home/user/lidar_gap_ws/install/urg_node2/share/urg_node2/environment/ament_prefix_path.dsv
[0.330s] -- Up-to-date: /home/user/lidar_gap_ws/install/urg_node2/share/urg_node2/environment/path.sh
[0.330s] -- Up-to-date: /home/user/lidar_gap_ws/install/urg_node2/share/urg_node2/environment/path.dsv
[0.330s] -- Up-to-date: /home/user/lidar_gap_ws/install/urg_node2/share/urg_node2/local_setup.bash
[0.330s] -- Up-to-date: /home/user/lidar_gap_ws/install/urg_node2/share/urg_node2/local_setup.sh
[0.330s] -- Up-to-date: /home/user/lidar_gap_ws/install/urg_node2/share/urg_node2/local_setup.zsh
[0.331s] -- Up-to-date: /home/user/lidar_gap_ws/install/urg_node2/share/urg_node2/local_setup.dsv
[0.331s] -- Installing: /home/user/lidar_gap_ws/install/urg_node2/share/urg_node2/package.dsv
[0.331s] -- Up-to-date: /home/user/lidar_gap_ws/install/urg_node2/share/ament_index/resource_index/packages/urg_node2
[0.331s] -- Up-to-date: /home/user/lidar_gap_ws/install/urg_node2/share/ament_index/resource_index/rclcpp_components/urg_node2
[0.331s] -- Up-to-date: /home/user/lidar_gap_ws/install/urg_node2/share/urg_node2/cmake/urg_node2Config.cmake
[0.331s] -- Up-to-date: /home/user/lidar_gap_ws/install/urg_node2/share/urg_node2/cmake/urg_node2Config-version.cmake
[0.331s] -- Up-to-date: /home/user/lidar_gap_ws/install/urg_node2/share/urg_node2/package.xml
[0.331s] Invoked command in '/home/user/lidar_gap_ws/build/urg_node2' returned '0': CMAKE_PREFIX_PATH=${CMAKE_PREFIX_PATH}:/home/user/lidar_gap_ws/install/ScanFilter:/opt/ros/jazzy DEBUGINFOD_URLS=https://debuginfod.ubuntu.com /usr/bin/cmake --install /home/user/lidar_gap_ws/build/urg_node2
